<?xml version="1.0" encoding="UTF-8"?>
<testsuite name="JUnit Jupiter" tests="21" skipped="0" failures="0" errors="0" time="0.058" hostname="MacBook-Air-Anna-6.local" timestamp="2026-04-29T19:21:13">
<properties>
[...]
</properties>
<testcase name="checkHitTest(double, double, double, boolean)[16]" classname="by.rozze.weblab3.Service.AreaCheckServiceTest" time="0">
<system-out><![CDATA[
unique-id: [engine:junit-jupiter]/[class:by.rozze.weblab3.Service.AreaCheckServiceTest]/[test-template:checkHitTest(double, double, double, boolean)]/[test-template-invocation:#16]
display-name: [16] 1.5, 1.5, 4.0, false
]]></system-out>
</testcase>
<testcase name="checkHitTest(double, double, double, boolean)[15]" classname="by.rozze.weblab3.Service.AreaCheckServiceTest" time="0">
<system-out><![CDATA[
unique-id: [engine:junit-jupiter]/[class:by.rozze.weblab3.Service.AreaCheckServiceTest]/[test-template:checkHitTest(double, double, double, boolean)]/[test-template-invocation:#15]
display-name: [15] 2.1, 0.0, 4.0, false
]]></system-out>
</testcase>
<testcase name="checkHitTest(double, double, double, boolean)[18]" classname="by.rozze.weblab3.Service.AreaCheckServiceTest" time="0">
<system-out><![CDATA[
unique-id: [engine:junit-jupiter]/[class:by.rozze.weblab3.Service.AreaCheckServiceTest]/[test-template:checkHitTest(double, double, double, boolean)]/[test-template-invocation:#18]
display-name: [18] 5.0, 5.0, 4.0, false
]]></system-out>
</testcase>
<testcase name="checkHitTest(double, double, double, boolean)[17]" classname="by.rozze.weblab3.Service.AreaCheckServiceTest" time="0">
<system-out><![CDATA[
unique-id: [engine:junit-jupiter]/[class:by.rozze.weblab3.Service.AreaCheckServiceTest]/[test-template:checkHitTest(double, double, double, boolean)]/[test-template-invocation:#17]
display-name: [17] 1.0, -0.1, 4.0, false
]]></system-out>
</testcase>
<testcase name="checkHitTest(double, double, double, boolean)[12]" classname="by.rozze.weblab3.Service.AreaCheckServiceTest" time="0">
<system-out><![CDATA[
unique-id: [engine:junit-jupiter]/[class:by.rozze.weblab3.Service.AreaCheckServiceTest]/[test-template:checkHitTest(double, double, double, boolean)]/[test-template-invocation:#12]
display-name: [12] -2.0, 4.1, 4.0, false
]]></system-out>
</testcase>
<testcase name="checkHitTest(double, double, double, boolean)[11]" classname="by.rozze.weblab3.Service.AreaCheckServiceTest" time="0">
<system-out><![CDATA[
unique-id: [engine:junit-jupiter]/[class:by.rozze.weblab3.Service.AreaCheckServiceTest]/[test-template:checkHitTest(double, double, double, boolean)]/[test-template-invocation:#11]
display-name: [11] -4.1, 2.0, 4.0, false
]]></system-out>
</testcase>
<testcase name="checkHitTest(double, double, double, boolean)[14]" classname="by.rozze.weblab3.Service.AreaCheckServiceTest" time="0">
<system-out><![CDATA[
unique-id: [engine:junit-jupiter]/[class:by.rozze.weblab3.Service.AreaCheckServiceTest]/[test-template:checkHitTest(double, double, double, boolean)]/[test-template-invocation:#14]
display-name: [14] -3.0, -2.0, 4.0, false
]]></system-out>
</testcase>
<testcase name="checkHitTest(double, double, double, boolean)[13]" classname="by.rozze.weblab3.Service.AreaCheckServiceTest" time="0">
<system-out><![CDATA[
unique-id: [engine:junit-jupiter]/[class:by.rozze.weblab3.Service.AreaCheckServiceTest]/[test-template:checkHitTest(double, double, double, boolean)]/[test-template-invocation:#13]
display-name: [13] -1.0, -3.6, 4.0, false
]]></system-out>
</testcase>
<testcase name="checkHitTest(double, double, double, boolean)[10]" classname="by.rozze.weblab3.Service.AreaCheckServiceTest" time="0">
<system-out><![CDATA[
unique-id: [engine:junit-jupiter]/[class:by.rozze.weblab3.Service.AreaCheckServiceTest]/[test-template:checkHitTest(double, double, double, boolean)]/[test-template-invocation:#10]
display-name: [10] 0.0, 0.0, 4.0, true
]]></system-out>
</testcase>
<testcase name="checkHitTest(double, double, double, boolean)[20]" classname="by.rozze.weblab3.Service.AreaCheckServiceTest" time="0">
<system-out><![CDATA[
unique-id: [engine:junit-jupiter]/[class:by.rozze.weblab3.Service.AreaCheckServiceTest]/[test-template:checkHitTest(double, double, double, boolean)]/[test-template-invocation:#20]
display-name: [20] 1.0, 1.0, -2.0, false
]]></system-out>
</testcase>
<testcase name="checkHitTest(double, double, double, boolean)[7]" classname="by.rozze.weblab3.Service.AreaCheckServiceTest" time="0">
<system-out><![CDATA[
unique-id: [engine:junit-jupiter]/[class:by.rozze.weblab3.Service.AreaCheckServiceTest]/[test-template:checkHitTest(double, double, double, boolean)]/[test-template-invocation:#7]
display-name: [7] 0.5, 0.5, 4.0, true
]]></system-out>
</testcase>
<testcase name="checkHitTest(double, double, double, boolean)[6]" classname="by.rozze.weblab3.Service.AreaCheckServiceTest" time="0">
<system-out><![CDATA[
unique-id: [engine:junit-jupiter]/[class:by.rozze.weblab3.Service.AreaCheckServiceTest]/[test-template:checkHitTest(double, double, double, boolean)]/[test-template-invocation:#6]
display-name: [6] -0.1, -3.8, 4.0, true
]]></system-out>
</testcase>
<testcase name="checkHitTest(double, double, double, boolean)[9]" classname="by.rozze.weblab3.Service.AreaCheckServiceTest" time="0">
<system-out><![CDATA[
unique-id: [engine:junit-jupiter]/[class:by.rozze.weblab3.Service.AreaCheckServiceTest]/[test-template:checkHitTest(double, double, double, boolean)]/[test-template-invocation:#9]
display-name: [9] 1.2, 1.5, 4.0, true
]]></system-out>
</testcase>
<testcase name="checkHitTest(double, double, double, boolean)[8]" classname="by.rozze.weblab3.Service.AreaCheckServiceTest" time="0">
<system-out><![CDATA[
unique-id: [engine:junit-jupiter]/[class:by.rozze.weblab3.Service.AreaCheckServiceTest]/[test-template:checkHitTest(double, double, double, boolean)]/[test-template-invocation:#8]
display-name: [8] 1.999, 0.0, 4.0, true
]]></system-out>
</testcase>
<testcase name="checkHitTest(double, double, double, boolean)[3]" classname="by.rozze.weblab3.Service.AreaCheckServiceTest" time="0">
<system-out><![CDATA[
unique-id: [engine:junit-jupiter]/[class:by.rozze.weblab3.Service.AreaCheckServiceTest]/[test-template:checkHitTest(double, double, double, boolean)]/[test-template-invocation:#3]
display-name: [3] -4.0, 4.0, 4.0, true
]]></system-out>
</testcase>
<testcase name="checkHitTest(double, double, double, boolean)[2]" classname="by.rozze.weblab3.Service.AreaCheckServiceTest" time="0">
<system-out><![CDATA[
unique-id: [engine:junit-jupiter]/[class:by.rozze.weblab3.Service.AreaCheckServiceTest]/[test-template:checkHitTest(double, double, double, boolean)]/[test-template-invocation:#2]
display-name: [2] -3.99, 3.5, 4.0, true
]]></system-out>
</testcase>
<testcase name="checkHitTest(double, double, double, boolean)[5]" classname="by.rozze.weblab3.Service.AreaCheckServiceTest" time="0">
<system-out><![CDATA[
unique-id: [engine:junit-jupiter]/[class:by.rozze.weblab3.Service.AreaCheckServiceTest]/[test-template:checkHitTest(double, double, double, boolean)]/[test-template-invocation:#5]
display-name: [5] -2.0, -2.0, 4.0, true
]]></system-out>
</testcase>
<testcase name="checkHitTest(double, double, double, boolean)[4]" classname="by.rozze.weblab3.Service.AreaCheckServiceTest" time="0">
<system-out><![CDATA[
unique-id: [engine:junit-jupiter]/[class:by.rozze.weblab3.Service.AreaCheckServiceTest]/[test-template:checkHitTest(double, double, double, boolean)]/[test-template-invocation:#4]
display-name: [4] -0.5, -3.4, 4.0, true
]]></system-out>
</testcase>
<testcase name="invalidNumbersTest()" classname="by.rozze.weblab3.Service.AreaCheckServiceTest" time="0.006">
<system-out><![CDATA[
unique-id: [engine:junit-jupiter]/[class:by.rozze.weblab3.Service.AreaCheckServiceTest]/[method:invalidNumbersTest()]
display-name: invalidNumbersTest()
]]></system-out>
</testcase>
<testcase name="checkHitTest(double, double, double, boolean)[19]" classname="by.rozze.weblab3.Service.AreaCheckServiceTest" time="0">
<system-out><![CDATA[
unique-id: [engine:junit-jupiter]/[class:by.rozze.weblab3.Service.AreaCheckServiceTest]/[test-template:checkHitTest(double, double, double, boolean)]/[test-template-invocation:#19]
display-name: [19] 1.0, 1.0, 0.0, false
]]></system-out>
</testcase>
<testcase name="checkHitTest(double, double, double, boolean)[1]" classname="by.rozze.weblab3.Service.AreaCheckServiceTest" time="0.005">
<system-out><![CDATA[
unique-id: [engine:junit-jupiter]/[class:by.rozze.weblab3.Service.AreaCheckServiceTest]/[test-template:checkHitTest(double, double, double, boolean)]/[test-template-invocation:#1]
display-name: [1] -1.2, 0.8, 4.0, true
]]></system-out>
</testcase>
<system-out><![CDATA[
unique-id: [engine:junit-jupiter]
display-name: JUnit Jupiter
]]></system-out>
</testsuite>
